<?xml version="1.0" encoding="UTF-8"?>
<testng-results skipped="0" failed="0" total="1" passed="1">
  <reporter-output>
  </reporter-output>
  <suite name="Suite" duration-ms="8552" started-at="2019-03-18T01:51:00Z" finished-at="2019-03-18T01:51:09Z">
    <groups>
    </groups>
    <test name="Test" duration-ms="8552" started-at="2019-03-18T01:51:00Z" finished-at="2019-03-18T01:51:09Z">
      <class name="openbaidu.Openbaidu">
        <test-method status="PASS" signature="setup()[pri:0, instance:openbaidu.Openbaidu@33e5ccce]" name="setup" is-config="true" duration-ms="5354" started-at="2019-03-18T09:51:00Z" finished-at="2019-03-18T09:51:05Z">
          <reporter-output>
          </reporter-output>
        </test-method> <!-- setup -->
        <test-method status="PASS" signature="open()[pri:0, instance:openbaidu.Openbaidu@33e5ccce]" name="open" duration-ms="3149" started-at="2019-03-18T09:51:05Z" finished-at="2019-03-18T09:51:09Z">
          <reporter-output>
          </reporter-output>
        </test-method> <!-- open -->
      </class> <!-- openbaidu.Openbaidu -->
    </test> <!-- Test -->
  </suite> <!-- Suite -->
</testng-results>
